<?xml version="1.0" encoding="UTF-8"?>
<!-- Generated by org.testng.reporters.JUnitReportReporter -->
<testsuite skipped="0" hostname="LAPTOP-EECF3B8F" name="Test.GetTest" tests="1" failures="0" timestamp="2021-05-13T17:51:44 IST" time="1.559" errors="0">
  <testcase name="getTest" time="1.559" classname="Test.GetTest"/>
  <system-out/>
</testsuite> <!-- Test.GetTest -->
